# JRE version: OpenJDK Runtime Environment Temurin-21.0.8+9 (21.0.8+9) (build 21.0.8+9-LTS)
# Java VM: OpenJDK 64-Bit Server VM Temurin-21.0.8+9 (21.0.8+9-LTS, mixed mode, sharing, tiered, compressed oops, compressed class ptrs, parallel gc, windows-amd64)
GC Precious Log:
 CardTable entry size: 512
 CPUs: 16 total, 16 available
 Memory: 15734M
 Large Page Support: Disabled
 NUMA Support: Disabled
 Compressed Oops: Enabled (32-bit)
 Alignments: Space 512K, Generation 512K, Heap 2M
 Heap Min Capacity: 100M
 Heap Initial Capacity: 100M
 Heap Max Capacity: 2G
 Pre-touch: Disabled
 Parallel Workers: 13
Heap:
 PSYoungGen      total 24064K, used 5660K [0x00000000d5580000, 0x00000000d7580000, 0x0000000100000000)
  eden space 20992K, 14% used [0x00000000d5580000,0x00000000d58771a8,0x00000000d6a00000)
  from space 3072K, 85% used [0x00000000d7280000,0x00000000d7510000,0x00000000d7580000)
  to   space 4608K, 0% used [0x00000000d6c80000,0x00000000d6c80000,0x00000000d7100000)
 ParOldGen       total 1277952K, used 670581K [0x0000000080000000, 0x00000000ce000000, 0x00000000d5580000)
  object space 1277952K, 52% used [0x0000000080000000,0x00000000a8edd750,0x00000000ce000000)
 Metaspace       used 83830K, committed 85760K, reserved 1179648K
  class space    used 8473K, committed 9344K, reserved 1048576K
GC Heap History (20 events):
Event: 419.362 GC heap before
{Heap before GC invocations=3636 (full 5):
 PSYoungGen      total 23040K, used 23017K [0x00000000d5580000, 0x00000000d7300000, 0x0000000100000000)
  eden space 22016K, 100% used [0x00000000d5580000,0x00000000d6b00000,0x00000000d6b00000)
  from space 1024K, 97% used [0x00000000d7200000,0x00000000d72fa400,0x00000000d7300000)
  to   space 1536K, 0% used [0x00000000d7000000,0x00000000d7000000,0x00000000d7180000)
 ParOldGen       total 1277952K, used 636851K [0x0000000080000000, 0x00000000ce000000, 0x00000000d5580000)
  object space 1277952K, 49% used [0x0000000080000000,0x00000000a6decff0,0x00000000ce000000)
 Metaspace       used 83717K, committed 85568K, reserved 1179648K
  class space    used 8473K, committed 9344K, reserved 1048576K
}
Event: 419.365 GC heap after
{Heap after GC invocations=3636 (full 5):
 PSYoungGen      total 23552K, used 750K [0x00000000d5580000, 0x00000000d7280000, 0x0000000100000000)
  eden space 22016K, 0% used [0x00000000d5580000,0x00000000d5580000,0x00000000d6b00000)
  from space 1536K, 48% used [0x00000000d7000000,0x00000000d70bbb00,0x00000000d7180000)
  to   space 1024K, 0% used [0x00000000d7180000,0x00000000d7180000,0x00000000d7280000)
 ParOldGen       total 1277952K, used 637553K [0x0000000080000000, 0x00000000ce000000, 0x00000000d5580000)
  object space 1277952K, 49% used [0x0000000080000000,0x00000000a6e9c748,0x00000000ce000000)
 Metaspace       used 83717K, committed 85568K, reserved 1179648K
  class space    used 8473K, committed 9344K, reserved 1048576K
}
Event: 419.379 GC heap before
{Heap before GC invocations=3637 (full 5):
 PSYoungGen      total 23552K, used 22766K [0x00000000d5580000, 0x00000000d7280000, 0x0000000100000000)
  eden space 22016K, 100% used [0x00000000d5580000,0x00000000d6b00000,0x00000000d6b00000)
  from space 1536K, 48% used [0x00000000d7000000,0x00000000d70bbb00,0x00000000d7180000)
  to   space 1024K, 0% used [0x00000000d7180000,0x00000000d7180000,0x00000000d7280000)
 ParOldGen       total 1277952K, used 637553K [0x0000000080000000, 0x00000000ce000000, 0x00000000d5580000)
  object space 1277952K, 49% used [0x0000000080000000,0x00000000a6e9c748,0x00000000ce000000)
 Metaspace       used 83717K, committed 85568K, reserved 1179648K
  class space    used 8473K, committed 9344K, reserved 1048576K
}
Event: 419.381 GC heap after
{Heap after GC invocations=3637 (full 5):
 PSYoungGen      total 23040K, used 628K [0x00000000d5580000, 0x00000000d7280000, 0x0000000100000000)
  eden space 22016K, 0% used [0x00000000d5580000,0x00000000d5580000,0x00000000d6b00000)
  from space 1024K, 61% used [0x00000000d7180000,0x00000000d721d200,0x00000000d7280000)
  to   space 1024K, 0% used [0x00000000d7080000,0x00000000d7080000,0x00000000d7180000)
 ParOldGen       total 1277952K, used 637931K [0x0000000080000000, 0x00000000ce000000, 0x00000000d5580000)
  object space 1277952K, 49% used [0x0000000080000000,0x00000000a6efaca0,0x00000000ce000000)
 Metaspace       used 83717K, committed 85568K, reserved 1179648K
  class space    used 8473K, committed 9344K, reserved 1048576K
}
Event: 419.397 GC heap before
{Heap before GC invocations=3638 (full 5):
 PSYoungGen      total 23040K, used 22644K [0x00000000d5580000, 0x00000000d7280000, 0x0000000100000000)
  eden space 22016K, 100% used [0x00000000d5580000,0x00000000d6b00000,0x00000000d6b00000)
  from space 1024K, 61% used [0x00000000d7180000,0x00000000d721d200,0x00000000d7280000)
  to   space 1024K, 0% used [0x00000000d7080000,0x00000000d7080000,0x00000000d7180000)
 ParOldGen       total 1277952K, used 637931K [0x0000000080000000, 0x00000000ce000000, 0x00000000d5580000)
  object space 1277952K, 49% used [0x0000000080000000,0x00000000a6efaca0,0x00000000ce000000)
 Metaspace       used 83717K, committed 85568K, reserved 1179648K
  class space    used 8473K, committed 9344K, reserved 1048576K
}
Event: 419.401 GC heap after
{Heap after GC invocations=3638 (full 5):
 PSYoungGen      total 23040K, used 846K [0x00000000d5580000, 0x00000000d7200000, 0x0000000100000000)
  eden space 22016K, 0% used [0x00000000d5580000,0x00000000d5580000,0x00000000d6b00000)
  from space 1024K, 82% used [0x00000000d7080000,0x00000000d7153b00,0x00000000d7180000)
  to   space 512K, 0% used [0x00000000d7180000,0x00000000d7180000,0x00000000d7200000)
 ParOldGen       total 1277952K, used 638252K [0x0000000080000000, 0x00000000ce000000, 0x00000000d5580000)
  object space 1277952K, 49% used [0x0000000080000000,0x00000000a6f4b1f8,0x00000000ce000000)
 Metaspace       used 83717K, committed 85568K, reserved 1179648K
  class space    used 8473K, committed 9344K, reserved 1048576K
}
Event: 419.465 GC heap before
{Heap before GC invocations=3639 (full 5):
 PSYoungGen      total 23040K, used 22862K [0x00000000d5580000, 0x00000000d7200000, 0x0000000100000000)
  eden space 22016K, 100% used [0x00000000d5580000,0x00000000d6b00000,0x00000000d6b00000)
  from space 1024K, 82% used [0x00000000d7080000,0x00000000d7153b00,0x00000000d7180000)
  to   space 512K, 0% used [0x00000000d7180000,0x00000000d7180000,0x00000000d7200000)
 ParOldGen       total 1277952K, used 638252K [0x0000000080000000, 0x00000000ce000000, 0x00000000d5580000)
  object space 1277952K, 49% used [0x0000000080000000,0x00000000a6f4b1f8,0x00000000ce000000)
 Metaspace       used 83722K, committed 85632K, reserved 1179648K
  class space    used 8473K, committed 9344K, reserved 1048576K
}
Event: 419.470 GC heap after
{Heap after GC invocations=3639 (full 5):
 PSYoungGen      total 21504K, used 506K [0x00000000d5580000, 0x00000000d7a00000, 0x0000000100000000)
  eden space 20992K, 0% used [0x00000000d5580000,0x00000000d5580000,0x00000000d6a00000)
  from space 512K, 98% used [0x00000000d7180000,0x00000000d71feae8,0x00000000d7200000)
  to   space 7680K, 0% used [0x00000000d6a00000,0x00000000d6a00000,0x00000000d7180000)
 ParOldGen       total 1277952K, used 644347K [0x0000000080000000, 0x00000000ce000000, 0x00000000d5580000)
  object space 1277952K, 50% used [0x0000000080000000,0x00000000a753ec38,0x00000000ce000000)
 Metaspace       used 83722K, committed 85632K, reserved 1179648K
  class space    used 8473K, committed 9344K, reserved 1048576K
}
Event: 419.502 GC heap before
{Heap before GC invocations=3640 (full 5):
 PSYoungGen      total 21504K, used 21498K [0x00000000d5580000, 0x00000000d7a00000, 0x0000000100000000)
  eden space 20992K, 100% used [0x00000000d5580000,0x00000000d6a00000,0x00000000d6a00000)
  from space 512K, 98% used [0x00000000d7180000,0x00000000d71feae8,0x00000000d7200000)
  to   space 7680K, 0% used [0x00000000d6a00000,0x00000000d6a00000,0x00000000d7180000)
 ParOldGen       total 1277952K, used 644347K [0x0000000080000000, 0x00000000ce000000, 0x00000000d5580000)
  object space 1277952K, 50% used [0x0000000080000000,0x00000000a753ec38,0x00000000ce000000)
 Metaspace       used 83722K, committed 85632K, reserved 1179648K
  class space    used 8473K, committed 9344K, reserved 1048576K
}
Event: 419.508 GC heap after
{Heap after GC invocations=3640 (full 5):
 PSYoungGen      total 26624K, used 5444K [0x00000000d5580000, 0x00000000d7600000, 0x0000000100000000)
  eden space 20992K, 0% used [0x00000000d5580000,0x00000000d5580000,0x00000000d6a00000)
  from space 5632K, 96% used [0x00000000d6a00000,0x00000000d6f51300,0x00000000d6f80000)
  to   space 6144K, 0% used [0x00000000d7000000,0x00000000d7000000,0x00000000d7600000)
 ParOldGen       total 1277952K, used 644762K [0x0000000080000000, 0x00000000ce000000, 0x00000000d5580000)
  object space 1277952K, 50% used [0x0000000080000000,0x00000000a75a68a8,0x00000000ce000000)
 Metaspace       used 83722K, committed 85632K, reserved 1179648K
  class space    used 8473K, committed 9344K, reserved 1048576K
}
Event: 419.552 GC heap before
{Heap before GC invocations=3641 (full 5):
 PSYoungGen      total 26624K, used 25598K [0x00000000d5580000, 0x00000000d7600000, 0x0000000100000000)
  eden space 20992K, 96% used [0x00000000d5580000,0x00000000d692e7a8,0x00000000d6a00000)
  from space 5632K, 96% used [0x00000000d6a00000,0x00000000d6f51300,0x00000000d6f80000)
  to   space 6144K, 0% used [0x00000000d7000000,0x00000000d7000000,0x00000000d7600000)
 ParOldGen       total 1277952K, used 644762K [0x0000000080000000, 0x00000000ce000000, 0x00000000d5580000)
  object space 1277952K, 50% used [0x0000000080000000,0x00000000a75a68a8,0x00000000ce000000)
 Metaspace       used 83727K, committed 85632K, reserved 1179648K
  class space    used 8473K, committed 9344K, reserved 1048576K
}
Event: 419.559 GC heap after
{Heap after GC invocations=3641 (full 5):
 PSYoungGen      total 27136K, used 5789K [0x00000000d5580000, 0x00000000d7600000, 0x0000000100000000)
  eden space 20992K, 0% used [0x00000000d5580000,0x00000000d5580000,0x00000000d6a00000)
  from space 6144K, 94% used [0x00000000d7000000,0x00000000d75a7430,0x00000000d7600000)
  to   space 6144K, 0% used [0x00000000d6a00000,0x00000000d6a00000,0x00000000d7000000)
 ParOldGen       total 1277952K, used 649774K [0x0000000080000000, 0x00000000ce000000, 0x00000000d5580000)
  object space 1277952K, 50% used [0x0000000080000000,0x00000000a7a8b8a8,0x00000000ce000000)
 Metaspace       used 83727K, committed 85632K, reserved 1179648K
  class space    used 8473K, committed 9344K, reserved 1048576K
}
Event: 419.638 GC heap before
{Heap before GC invocations=3642 (full 5):
 PSYoungGen      total 27136K, used 26227K [0x00000000d5580000, 0x00000000d7600000, 0x0000000100000000)
  eden space 20992K, 97% used [0x00000000d5580000,0x00000000d6975a68,0x00000000d6a00000)
  from space 6144K, 94% used [0x00000000d7000000,0x00000000d75a7430,0x00000000d7600000)
  to   space 6144K, 0% used [0x00000000d6a00000,0x00000000d6a00000,0x00000000d7000000)
 ParOldGen       total 1277952K, used 649774K [0x0000000080000000, 0x00000000ce000000, 0x00000000d5580000)
  object space 1277952K, 50% used [0x0000000080000000,0x00000000a7a8b8a8,0x00000000ce000000)
 Metaspace       used 83727K, committed 85632K, reserved 1179648K
  class space    used 8473K, committed 9344K, reserved 1048576K
}
Event: 419.644 GC heap after
{Heap after GC invocations=3642 (full 5):
 PSYoungGen      total 27136K, used 6125K [0x00000000d5580000, 0x00000000d8300000, 0x0000000100000000)
  eden space 20992K, 0% used [0x00000000d5580000,0x00000000d5580000,0x00000000d6a00000)
  from space 6144K, 99% used [0x00000000d6a00000,0x00000000d6ffb7f8,0x00000000d7000000)
  to   space 12800K, 0% used [0x00000000d7680000,0x00000000d7680000,0x00000000d8300000)
 ParOldGen       total 1277952K, used 655397K [0x0000000080000000, 0x00000000ce000000, 0x00000000d5580000)
  object space 1277952K, 51% used [0x0000000080000000,0x00000000a8009718,0x00000000ce000000)
 Metaspace       used 83727K, committed 85632K, reserved 1179648K
  class space    used 8473K, committed 9344K, reserved 1048576K
}
Event: 419.760 GC heap before
{Heap before GC invocations=3643 (full 5):
 PSYoungGen      total 27136K, used 27117K [0x00000000d5580000, 0x00000000d8300000, 0x0000000100000000)
  eden space 20992K, 100% used [0x00000000d5580000,0x00000000d6a00000,0x00000000d6a00000)
  from space 6144K, 99% used [0x00000000d6a00000,0x00000000d6ffb7f8,0x00000000d7000000)
  to   space 12800K, 0% used [0x00000000d7680000,0x00000000d7680000,0x00000000d8300000)
 ParOldGen       total 1277952K, used 655397K [0x0000000080000000, 0x00000000ce000000, 0x00000000d5580000)
  object space 1277952K, 51% used [0x0000000080000000,0x00000000a8009718,0x00000000ce000000)
 Metaspace       used 83727K, committed 85632K, reserved 1179648K
  class space    used 8473K, committed 9344K, reserved 1048576K
}
Event: 419.768 GC heap after
{Heap after GC invocations=3643 (full 5):
 PSYoungGen      total 28672K, used 7175K [0x00000000d5580000, 0x00000000d7e00000, 0x0000000100000000)
  eden space 20992K, 0% used [0x00000000d5580000,0x00000000d5580000,0x00000000d6a00000)
  from space 7680K, 93% used [0x00000000d7680000,0x00000000d7d81ce0,0x00000000d7e00000)
  to   space 9216K, 0% used [0x00000000d6c00000,0x00000000d6c00000,0x00000000d7500000)
 ParOldGen       total 1277952K, used 657776K [0x0000000080000000, 0x00000000ce000000, 0x00000000d5580000)
  object space 1277952K, 51% used [0x0000000080000000,0x00000000a825c3e8,0x00000000ce000000)
 Metaspace       used 83727K, committed 85632K, reserved 1179648K
  class space    used 8473K, committed 9344K, reserved 1048576K
}
Event: 419.810 GC heap before
{Heap before GC invocations=3644 (full 5):
 PSYoungGen      total 28672K, used 28167K [0x00000000d5580000, 0x00000000d7e00000, 0x0000000100000000)
  eden space 20992K, 100% used [0x00000000d5580000,0x00000000d6a00000,0x00000000d6a00000)
  from space 7680K, 93% used [0x00000000d7680000,0x00000000d7d81ce0,0x00000000d7e00000)
  to   space 9216K, 0% used [0x00000000d6c00000,0x00000000d6c00000,0x00000000d7500000)
 ParOldGen       total 1277952K, used 657776K [0x0000000080000000, 0x00000000ce000000, 0x00000000d5580000)
  object space 1277952K, 51% used [0x0000000080000000,0x00000000a825c3e8,0x00000000ce000000)
 Metaspace       used 83778K, committed 85696K, reserved 1179648K
  class space    used 8473K, committed 9344K, reserved 1048576K
}
Event: 419.820 GC heap after
{Heap after GC invocations=3644 (full 5):
 PSYoungGen      total 27648K, used 6612K [0x00000000d5580000, 0x00000000d7800000, 0x0000000100000000)
  eden space 20992K, 0% used [0x00000000d5580000,0x00000000d5580000,0x00000000d6a00000)
  from space 6656K, 99% used [0x00000000d6c00000,0x00000000d7275370,0x00000000d7280000)
  to   space 5632K, 0% used [0x00000000d7280000,0x00000000d7280000,0x00000000d7800000)
 ParOldGen       total 1277952K, used 664803K [0x0000000080000000, 0x00000000ce000000, 0x00000000d5580000)
  object space 1277952K, 52% used [0x0000000080000000,0x00000000a8938fd0,0x00000000ce000000)
 Metaspace       used 83778K, committed 85696K, reserved 1179648K
  class space    used 8473K, committed 9344K, reserved 1048576K
}
Event: 423.410 GC heap before
{Heap before GC invocations=3645 (full 5):
 PSYoungGen      total 27648K, used 27604K [0x00000000d5580000, 0x00000000d7800000, 0x0000000100000000)
  eden space 20992K, 99% used [0x00000000d5580000,0x00000000d69fff40,0x00000000d6a00000)
  from space 6656K, 99% used [0x00000000d6c00000,0x00000000d7275370,0x00000000d7280000)
  to   space 5632K, 0% used [0x00000000d7280000,0x00000000d7280000,0x00000000d7800000)
 ParOldGen       total 1277952K, used 664803K [0x0000000080000000, 0x00000000ce000000, 0x00000000d5580000)
  object space 1277952K, 52% used [0x0000000080000000,0x00000000a8938fd0,0x00000000ce000000)
 Metaspace       used 83798K, committed 85696K, reserved 1179648K
  class space    used 8473K, committed 9344K, reserved 1048576K
}
Event: 423.415 GC heap after
{Heap after GC invocations=3645 (full 5):
 PSYoungGen      total 24064K, used 2624K [0x00000000d5580000, 0x00000000d7580000, 0x0000000100000000)
  eden space 20992K, 0% used [0x00000000d5580000,0x00000000d5580000,0x00000000d6a00000)
  from space 3072K, 85% used [0x00000000d7280000,0x00000000d7510000,0x00000000d7580000)
  to   space 4608K, 0% used [0x00000000d6c80000,0x00000000d6c80000,0x00000000d7100000)
 ParOldGen       total 1277952K, used 670581K [0x0000000080000000, 0x00000000ce000000, 0x00000000d5580000)
  object space 1277952K, 52% used [0x0000000080000000,0x00000000a8edd750,0x00000000ce000000)
 Metaspace       used 83798K, committed 85696K, reserved 1179648K
  class space    used 8473K, committed 9344K, reserved 1048576K
}

